mode: set
github.com/marketconnect/mcp-go/protocol/errors.go:95.42,97.2 1 1
github.com/marketconnect/mcp-go/protocol/errors.go:110.41,112.2 1 1
github.com/marketconnect/mcp-go/protocol/errors.go:115.41,117.2 1 1
github.com/marketconnect/mcp-go/protocol/errors.go:120.48,122.2 1 1
github.com/marketconnect/mcp-go/protocol/errors.go:127.78,129.2 1 1
github.com/marketconnect/mcp-go/protocol/errors.go:132.76,134.2 1 1
github.com/marketconnect/mcp-go/protocol/id.go:37.43,39.2 1 1
github.com/marketconnect/mcp-go/protocol/id.go:54.28,57.2 2 1
github.com/marketconnect/mcp-go/protocol/id.go:68.32,72.2 2 1
github.com/marketconnect/mcp-go/protocol/id.go:82.32,85.2 2 1
github.com/marketconnect/mcp-go/protocol/id.go:95.47,97.2 1 1
github.com/marketconnect/mcp-go/protocol/id.go:110.51,111.56 1 1
github.com/marketconnect/mcp-go/protocol/id.go:111.56,113.3 1 1
github.com/marketconnect/mcp-go/protocol/id.go:114.2,114.18 1 1
github.com/marketconnect/mcp-go/protocol/id.go:114.18,116.3 1 1
github.com/marketconnect/mcp-go/protocol/id.go:117.2,117.12 1 1
github.com/marketconnect/mcp-go/protocol/notification.go:18.47,19.33 1 1
github.com/marketconnect/mcp-go/protocol/notification.go:19.33,21.3 1 1
github.com/marketconnect/mcp-go/protocol/notification.go:22.2,22.39 1 1
github.com/marketconnect/mcp-go/protocol/notification.go:22.39,24.3 1 1
github.com/marketconnect/mcp-go/protocol/notification.go:25.2,25.41 1 1
github.com/marketconnect/mcp-go/protocol/notification.go:25.41,27.3 1 1
github.com/marketconnect/mcp-go/protocol/notification.go:28.2,28.12 1 1
github.com/marketconnect/mcp-go/protocol/notification.go:31.64,32.20 1 1
github.com/marketconnect/mcp-go/protocol/notification.go:32.20,34.3 1 1
github.com/marketconnect/mcp-go/protocol/notification.go:36.2,41.50 3 1
github.com/marketconnect/mcp-go/protocol/notification.go:41.50,43.3 1 1
github.com/marketconnect/mcp-go/protocol/notification.go:45.2,46.40 2 1
github.com/marketconnect/mcp-go/protocol/notification.go:46.40,48.3 1 1
github.com/marketconnect/mcp-go/protocol/notification.go:49.2,50.12 2 1
github.com/marketconnect/mcp-go/protocol/notification.go:54.49,56.2 1 1
github.com/marketconnect/mcp-go/protocol/notification.go:59.56,61.2 1 1
github.com/marketconnect/mcp-go/protocol/notification.go:64.54,66.2 1 1
github.com/marketconnect/mcp-go/protocol/notification.go:69.61,71.2 1 1
github.com/marketconnect/mcp-go/protocol/notification.go:80.70,86.2 1 1
github.com/marketconnect/mcp-go/protocol/request.go:26.45,27.33 1 1
github.com/marketconnect/mcp-go/protocol/request.go:27.33,29.3 1 1
github.com/marketconnect/mcp-go/protocol/request.go:31.2,31.43 1 1
github.com/marketconnect/mcp-go/protocol/request.go:31.43,33.3 1 1
github.com/marketconnect/mcp-go/protocol/request.go:35.2,35.20 1 1
github.com/marketconnect/mcp-go/protocol/request.go:35.20,37.3 1 1
github.com/marketconnect/mcp-go/protocol/request.go:43.2,43.41 1 1
github.com/marketconnect/mcp-go/protocol/request.go:43.41,45.3 1 1
github.com/marketconnect/mcp-go/protocol/request.go:47.2,47.12 1 1
github.com/marketconnect/mcp-go/protocol/request.go:64.62,65.20 1 1
github.com/marketconnect/mcp-go/protocol/request.go:65.20,67.3 1 1
github.com/marketconnect/mcp-go/protocol/request.go:69.2,73.51 3 1
github.com/marketconnect/mcp-go/protocol/request.go:73.51,75.3 1 1
github.com/marketconnect/mcp-go/protocol/request.go:76.2,77.40 2 1
github.com/marketconnect/mcp-go/protocol/request.go:77.40,79.3 1 1
github.com/marketconnect/mcp-go/protocol/request.go:80.2,81.12 2 1
github.com/marketconnect/mcp-go/protocol/request.go:85.49,87.2 1 1
github.com/marketconnect/mcp-go/protocol/request.go:89.56,91.9 2 1
github.com/marketconnect/mcp-go/protocol/request.go:91.9,93.3 1 1
github.com/marketconnect/mcp-go/protocol/request.go:94.2,95.12 2 1
github.com/marketconnect/mcp-go/protocol/request.go:98.48,100.2 1 1
github.com/marketconnect/mcp-go/protocol/request.go:102.54,104.2 1 1
github.com/marketconnect/mcp-go/protocol/request.go:106.53,108.2 1 1
github.com/marketconnect/mcp-go/protocol/request.go:110.59,112.2 1 1
github.com/marketconnect/mcp-go/protocol/request.go:119.86,127.2 1 1
github.com/marketconnect/mcp-go/protocol/request_lifecycle_manager.go:24.38,25.11 1 1
github.com/marketconnect/mcp-go/protocol/request_lifecycle_manager.go:26.19,27.23 1 1
github.com/marketconnect/mcp-go/protocol/request_lifecycle_manager.go:28.22,29.26 1 1
github.com/marketconnect/mcp-go/protocol/request_lifecycle_manager.go:30.10,31.26 1 1
github.com/marketconnect/mcp-go/protocol/request_lifecycle_manager.go:49.34,50.24 1 1
github.com/marketconnect/mcp-go/protocol/request_lifecycle_manager.go:50.24,53.3 2 1
github.com/marketconnect/mcp-go/protocol/request_lifecycle_manager.go:54.2,54.27 1 1
github.com/marketconnect/mcp-go/protocol/request_lifecycle_manager.go:54.27,57.3 2 1
github.com/marketconnect/mcp-go/protocol/request_lifecycle_manager.go:88.88,89.45 1 1
github.com/marketconnect/mcp-go/protocol/request_lifecycle_manager.go:89.45,91.3 1 1
github.com/marketconnect/mcp-go/protocol/request_lifecycle_manager.go:96.133,97.16 1 1
github.com/marketconnect/mcp-go/protocol/request_lifecycle_manager.go:97.16,99.3 1 1
github.com/marketconnect/mcp-go/protocol/request_lifecycle_manager.go:100.2,109.27 3 1
github.com/marketconnect/mcp-go/protocol/request_lifecycle_manager.go:109.27,111.3 1 1
github.com/marketconnect/mcp-go/protocol/request_lifecycle_manager.go:112.2,112.16 1 1
github.com/marketconnect/mcp-go/protocol/request_lifecycle_manager.go:117.61,119.2 1 1
github.com/marketconnect/mcp-go/protocol/request_lifecycle_manager.go:122.48,126.2 3 1
github.com/marketconnect/mcp-go/protocol/request_lifecycle_manager.go:142.9,144.22 1 1
github.com/marketconnect/mcp-go/protocol/request_lifecycle_manager.go:144.22,146.3 1 1
github.com/marketconnect/mcp-go/protocol/request_lifecycle_manager.go:148.2,148.18 1 1
github.com/marketconnect/mcp-go/protocol/request_lifecycle_manager.go:148.18,150.3 1 1
github.com/marketconnect/mcp-go/protocol/request_lifecycle_manager.go:151.2,154.36 3 1
github.com/marketconnect/mcp-go/protocol/request_lifecycle_manager.go:154.36,156.3 1 1
github.com/marketconnect/mcp-go/protocol/request_lifecycle_manager.go:158.2,160.22 2 1
github.com/marketconnect/mcp-go/protocol/request_lifecycle_manager.go:160.22,163.3 1 1
github.com/marketconnect/mcp-go/protocol/request_lifecycle_manager.go:164.2,164.25 1 1
github.com/marketconnect/mcp-go/protocol/request_lifecycle_manager.go:164.25,166.3 1 1
github.com/marketconnect/mcp-go/protocol/request_lifecycle_manager.go:167.2,167.34 1 1
github.com/marketconnect/mcp-go/protocol/request_lifecycle_manager.go:167.34,169.3 1 1
github.com/marketconnect/mcp-go/protocol/request_lifecycle_manager.go:171.2,181.55 3 1
github.com/marketconnect/mcp-go/protocol/request_lifecycle_manager.go:181.55,183.3 1 1
github.com/marketconnect/mcp-go/protocol/request_lifecycle_manager.go:185.2,185.61 1 1
github.com/marketconnect/mcp-go/protocol/request_lifecycle_manager.go:185.61,187.3 1 1
github.com/marketconnect/mcp-go/protocol/request_lifecycle_manager.go:189.2,190.12 2 1
github.com/marketconnect/mcp-go/protocol/request_lifecycle_manager.go:198.107,199.24 1 1
github.com/marketconnect/mcp-go/protocol/request_lifecycle_manager.go:199.24,201.3 1 1
github.com/marketconnect/mcp-go/protocol/request_lifecycle_manager.go:203.2,207.13 4 1
github.com/marketconnect/mcp-go/protocol/request_lifecycle_manager.go:207.13,209.3 1 1
github.com/marketconnect/mcp-go/protocol/request_lifecycle_manager.go:211.2,213.12 3 1
github.com/marketconnect/mcp-go/protocol/request_lifecycle_manager.go:218.64,220.2 1 1
github.com/marketconnect/mcp-go/protocol/request_lifecycle_manager.go:224.67,229.13 4 1
github.com/marketconnect/mcp-go/protocol/request_lifecycle_manager.go:229.13,231.3 1 1
github.com/marketconnect/mcp-go/protocol/request_lifecycle_manager.go:233.2,233.28 1 1
github.com/marketconnect/mcp-go/protocol/request_lifecycle_manager.go:233.28,234.30 1 1
github.com/marketconnect/mcp-go/protocol/request_lifecycle_manager.go:234.30,236.4 1 1
github.com/marketconnect/mcp-go/protocol/request_lifecycle_manager.go:239.2,239.61 1 1
github.com/marketconnect/mcp-go/protocol/request_lifecycle_manager.go:239.61,241.3 1 0
github.com/marketconnect/mcp-go/protocol/request_lifecycle_manager.go:243.2,244.12 2 1
github.com/marketconnect/mcp-go/protocol/request_lifecycle_manager.go:248.58,253.29 4 1
github.com/marketconnect/mcp-go/protocol/request_lifecycle_manager.go:253.29,255.3 1 1
github.com/marketconnect/mcp-go/protocol/request_lifecycle_manager.go:256.2,256.12 1 1
github.com/marketconnect/mcp-go/protocol/request_lifecycle_manager.go:262.65,267.36 4 1
github.com/marketconnect/mcp-go/protocol/request_lifecycle_manager.go:267.36,270.3 2 1
github.com/marketconnect/mcp-go/protocol/request_lifecycle_manager.go:271.2,274.10 3 1
github.com/marketconnect/mcp-go/protocol/request_lifecycle_manager.go:274.10,276.3 1 1
github.com/marketconnect/mcp-go/protocol/request_lifecycle_manager.go:278.2,278.12 1 1
github.com/marketconnect/mcp-go/protocol/request_lifecycle_manager.go:283.93,284.9 1 1
github.com/marketconnect/mcp-go/protocol/request_lifecycle_manager.go:285.22,286.9 1 1
github.com/marketconnect/mcp-go/protocol/request_lifecycle_manager.go:287.10,287.10 0 1
github.com/marketconnect/mcp-go/protocol/request_lifecycle_manager.go:290.2,294.32 4 1
github.com/marketconnect/mcp-go/protocol/request_lifecycle_manager.go:294.32,295.16 1 1
github.com/marketconnect/mcp-go/protocol/request_lifecycle_manager.go:295.16,296.32 1 1
github.com/marketconnect/mcp-go/protocol/request_lifecycle_manager.go:296.32,298.25 2 1
github.com/marketconnect/mcp-go/protocol/request_lifecycle_manager.go:298.25,300.6 1 1
github.com/marketconnect/mcp-go/protocol/request_lifecycle_manager.go:300.11,302.6 1 1
github.com/marketconnect/mcp-go/protocol/request_lifecycle_manager.go:306.3,306.29 1 1
github.com/marketconnect/mcp-go/protocol/request_lifecycle_manager.go:312.68,317.13 4 1
github.com/marketconnect/mcp-go/protocol/request_lifecycle_manager.go:317.13,319.3 1 1
github.com/marketconnect/mcp-go/protocol/request_lifecycle_manager.go:321.2,326.13 4 1
github.com/marketconnect/mcp-go/protocol/response.go:63.35,65.2 1 1
github.com/marketconnect/mcp-go/protocol/response.go:81.72,87.2 1 1
github.com/marketconnect/mcp-go/protocol/response.go:107.46,108.33 1 1
github.com/marketconnect/mcp-go/protocol/response.go:108.33,110.3 1 1
github.com/marketconnect/mcp-go/protocol/response.go:112.2,112.20 1 1
github.com/marketconnect/mcp-go/protocol/response.go:112.20,114.3 1 1
github.com/marketconnect/mcp-go/protocol/response.go:117.2,117.39 1 1
github.com/marketconnect/mcp-go/protocol/response.go:117.39,119.3 1 1
github.com/marketconnect/mcp-go/protocol/response.go:120.2,120.39 1 1
github.com/marketconnect/mcp-go/protocol/response.go:120.39,122.3 1 1
github.com/marketconnect/mcp-go/protocol/response.go:125.2,125.45 1 1
github.com/marketconnect/mcp-go/protocol/response.go:125.45,127.3 1 1
github.com/marketconnect/mcp-go/protocol/response.go:129.2,129.12 1 1
github.com/marketconnect/mcp-go/protocol/response.go:151.63,152.20 1 1
github.com/marketconnect/mcp-go/protocol/response.go:152.20,154.3 1 1
github.com/marketconnect/mcp-go/protocol/response.go:156.2,161.50 3 1
github.com/marketconnect/mcp-go/protocol/response.go:161.50,163.3 1 1
github.com/marketconnect/mcp-go/protocol/response.go:165.2,166.40 2 1
github.com/marketconnect/mcp-go/protocol/response.go:166.40,168.3 1 1
github.com/marketconnect/mcp-go/protocol/response.go:169.2,170.12 2 1
github.com/marketconnect/mcp-go/protocol/response.go:174.42,176.2 1 1
github.com/marketconnect/mcp-go/protocol/response.go:178.49,180.9 2 1
github.com/marketconnect/mcp-go/protocol/response.go:180.9,182.3 1 1
github.com/marketconnect/mcp-go/protocol/response.go:183.2,184.12 2 1
github.com/marketconnect/mcp-go/protocol/response.go:186.54,188.2 1 1
github.com/marketconnect/mcp-go/protocol/response.go:190.61,193.2 2 1
github.com/marketconnect/mcp-go/protocol/response.go:195.51,197.2 1 1
github.com/marketconnect/mcp-go/protocol/response.go:199.54,201.2 1 1
github.com/marketconnect/mcp-go/protocol/response.go:203.47,205.2 1 1
github.com/marketconnect/mcp-go/protocol/response.go:207.46,209.2 1 1
github.com/marketconnect/mcp-go/protocol/response.go:222.69,228.2 1 1
