mode: atomic
github.com/marketconnect/mcp-go/protocol/errors.go:79.42,81.2 1 3
github.com/marketconnect/mcp-go/protocol/errors.go:94.41,96.2 1 2
github.com/marketconnect/mcp-go/protocol/errors.go:99.41,101.2 1 0
github.com/marketconnect/mcp-go/protocol/errors.go:104.48,106.2 1 2
github.com/marketconnect/mcp-go/protocol/errors.go:111.78,113.2 1 1
github.com/marketconnect/mcp-go/protocol/errors.go:116.76,118.2 1 1
github.com/marketconnect/mcp-go/protocol/id.go:37.47,39.2 1 121
github.com/marketconnect/mcp-go/protocol/id.go:54.32,57.2 2 102
github.com/marketconnect/mcp-go/protocol/id.go:68.36,72.2 2 2
github.com/marketconnect/mcp-go/protocol/id.go:80.37,82.2 1 2
github.com/marketconnect/mcp-go/protocol/id.go:92.36,95.2 2 7
github.com/marketconnect/mcp-go/protocol/id.go:104.49,106.2 1 6
github.com/marketconnect/mcp-go/protocol/id.go:116.51,118.2 1 2
github.com/marketconnect/mcp-go/protocol/id.go:131.55,132.56 1 5
github.com/marketconnect/mcp-go/protocol/id.go:132.56,134.3 1 1
github.com/marketconnect/mcp-go/protocol/id.go:135.2,135.18 1 4
github.com/marketconnect/mcp-go/protocol/id.go:135.18,137.3 1 2
github.com/marketconnect/mcp-go/protocol/id.go:138.2,138.12 1 2
github.com/marketconnect/mcp-go/protocol/request.go:42.92,49.2 1 0
github.com/marketconnect/mcp-go/protocol/request.go:62.106,69.2 1 0
github.com/marketconnect/mcp-go/protocol/request.go:72.45,73.33 1 0
github.com/marketconnect/mcp-go/protocol/request.go:73.33,75.3 1 0
github.com/marketconnect/mcp-go/protocol/request.go:77.2,77.39 1 0
github.com/marketconnect/mcp-go/protocol/request.go:77.39,79.3 1 0
github.com/marketconnect/mcp-go/protocol/request.go:81.2,81.20 1 0
github.com/marketconnect/mcp-go/protocol/request.go:81.20,83.3 1 0
github.com/marketconnect/mcp-go/protocol/request.go:89.2,89.41 1 0
github.com/marketconnect/mcp-go/protocol/request.go:89.41,91.3 1 0
github.com/marketconnect/mcp-go/protocol/request.go:93.2,93.12 1 0
github.com/marketconnect/mcp-go/protocol/request.go:124.62,125.20 1 0
github.com/marketconnect/mcp-go/protocol/request.go:125.20,127.3 1 0
github.com/marketconnect/mcp-go/protocol/request.go:129.2,133.51 3 0
github.com/marketconnect/mcp-go/protocol/request.go:133.51,135.3 1 0
github.com/marketconnect/mcp-go/protocol/request.go:136.2,137.21 2 0
github.com/marketconnect/mcp-go/protocol/request.go:149.38,151.2 1 0
github.com/marketconnect/mcp-go/protocol/request_lifecycle_manager.go:24.38,25.11 1 0
github.com/marketconnect/mcp-go/protocol/request_lifecycle_manager.go:26.19,27.23 1 0
github.com/marketconnect/mcp-go/protocol/request_lifecycle_manager.go:28.22,29.26 1 0
github.com/marketconnect/mcp-go/protocol/request_lifecycle_manager.go:30.10,31.26 1 0
github.com/marketconnect/mcp-go/protocol/request_lifecycle_manager.go:49.34,50.24 1 0
github.com/marketconnect/mcp-go/protocol/request_lifecycle_manager.go:50.24,53.3 2 0
github.com/marketconnect/mcp-go/protocol/request_lifecycle_manager.go:54.2,54.27 1 0
github.com/marketconnect/mcp-go/protocol/request_lifecycle_manager.go:54.27,57.3 2 0
github.com/marketconnect/mcp-go/protocol/request_lifecycle_manager.go:86.98,87.16 1 0
github.com/marketconnect/mcp-go/protocol/request_lifecycle_manager.go:87.16,89.3 1 0
github.com/marketconnect/mcp-go/protocol/request_lifecycle_manager.go:90.2,97.3 2 0
github.com/marketconnect/mcp-go/protocol/request_lifecycle_manager.go:102.61,104.2 1 0
github.com/marketconnect/mcp-go/protocol/request_lifecycle_manager.go:107.48,111.2 3 0
github.com/marketconnect/mcp-go/protocol/request_lifecycle_manager.go:126.9,130.18 3 0
github.com/marketconnect/mcp-go/protocol/request_lifecycle_manager.go:130.18,132.3 1 0
github.com/marketconnect/mcp-go/protocol/request_lifecycle_manager.go:134.2,134.36 1 0
github.com/marketconnect/mcp-go/protocol/request_lifecycle_manager.go:134.36,136.3 1 0
github.com/marketconnect/mcp-go/protocol/request_lifecycle_manager.go:138.2,140.22 2 0
github.com/marketconnect/mcp-go/protocol/request_lifecycle_manager.go:140.22,143.3 1 0
github.com/marketconnect/mcp-go/protocol/request_lifecycle_manager.go:144.2,144.25 1 0
github.com/marketconnect/mcp-go/protocol/request_lifecycle_manager.go:144.25,146.3 1 0
github.com/marketconnect/mcp-go/protocol/request_lifecycle_manager.go:147.2,147.34 1 0
github.com/marketconnect/mcp-go/protocol/request_lifecycle_manager.go:147.34,149.3 1 0
github.com/marketconnect/mcp-go/protocol/request_lifecycle_manager.go:151.2,161.55 3 0
github.com/marketconnect/mcp-go/protocol/request_lifecycle_manager.go:161.55,163.3 1 0
github.com/marketconnect/mcp-go/protocol/request_lifecycle_manager.go:165.2,165.61 1 0
github.com/marketconnect/mcp-go/protocol/request_lifecycle_manager.go:165.61,167.3 1 0
github.com/marketconnect/mcp-go/protocol/request_lifecycle_manager.go:169.2,170.12 2 0
github.com/marketconnect/mcp-go/protocol/request_lifecycle_manager.go:178.115,179.24 1 0
github.com/marketconnect/mcp-go/protocol/request_lifecycle_manager.go:179.24,181.3 1 0
github.com/marketconnect/mcp-go/protocol/request_lifecycle_manager.go:183.2,187.13 4 0
github.com/marketconnect/mcp-go/protocol/request_lifecycle_manager.go:187.13,189.3 1 0
github.com/marketconnect/mcp-go/protocol/request_lifecycle_manager.go:191.2,193.12 3 0
github.com/marketconnect/mcp-go/protocol/request_lifecycle_manager.go:198.68,200.2 1 0
github.com/marketconnect/mcp-go/protocol/request_lifecycle_manager.go:204.71,209.13 4 0
github.com/marketconnect/mcp-go/protocol/request_lifecycle_manager.go:209.13,211.3 1 0
github.com/marketconnect/mcp-go/protocol/request_lifecycle_manager.go:213.2,213.28 1 0
github.com/marketconnect/mcp-go/protocol/request_lifecycle_manager.go:213.28,215.3 1 0
github.com/marketconnect/mcp-go/protocol/request_lifecycle_manager.go:217.2,217.61 1 0
github.com/marketconnect/mcp-go/protocol/request_lifecycle_manager.go:217.61,219.3 1 0
github.com/marketconnect/mcp-go/protocol/request_lifecycle_manager.go:221.2,222.12 2 0
github.com/marketconnect/mcp-go/protocol/request_lifecycle_manager.go:226.62,231.29 4 0
github.com/marketconnect/mcp-go/protocol/request_lifecycle_manager.go:231.29,233.3 1 0
github.com/marketconnect/mcp-go/protocol/request_lifecycle_manager.go:234.2,234.12 1 0
github.com/marketconnect/mcp-go/protocol/request_lifecycle_manager.go:240.69,245.36 4 0
github.com/marketconnect/mcp-go/protocol/request_lifecycle_manager.go:245.36,248.3 2 0
github.com/marketconnect/mcp-go/protocol/request_lifecycle_manager.go:249.2,252.10 3 0
github.com/marketconnect/mcp-go/protocol/request_lifecycle_manager.go:252.10,254.3 1 0
github.com/marketconnect/mcp-go/protocol/request_lifecycle_manager.go:256.2,256.12 1 0
github.com/marketconnect/mcp-go/protocol/request_lifecycle_manager.go:261.93,262.9 1 0
github.com/marketconnect/mcp-go/protocol/request_lifecycle_manager.go:263.22,264.9 1 0
github.com/marketconnect/mcp-go/protocol/request_lifecycle_manager.go:265.10,265.10 0 0
github.com/marketconnect/mcp-go/protocol/request_lifecycle_manager.go:268.2,272.32 4 0
github.com/marketconnect/mcp-go/protocol/request_lifecycle_manager.go:272.32,273.16 1 0
github.com/marketconnect/mcp-go/protocol/request_lifecycle_manager.go:273.16,274.32 1 0
github.com/marketconnect/mcp-go/protocol/request_lifecycle_manager.go:274.32,276.5 1 0
github.com/marketconnect/mcp-go/protocol/request_lifecycle_manager.go:278.3,278.29 1 0
github.com/marketconnect/mcp-go/protocol/request_lifecycle_manager.go:284.72,289.13 4 0
github.com/marketconnect/mcp-go/protocol/request_lifecycle_manager.go:289.13,291.3 1 0
github.com/marketconnect/mcp-go/protocol/request_lifecycle_manager.go:293.2,298.13 4 0
github.com/marketconnect/mcp-go/protocol/response.go:64.35,66.2 1 0
github.com/marketconnect/mcp-go/protocol/response.go:82.72,88.2 1 0
github.com/marketconnect/mcp-go/protocol/response.go:108.95,114.2 1 0
github.com/marketconnect/mcp-go/protocol/response.go:134.126,144.2 1 0
github.com/marketconnect/mcp-go/protocol/response.go:164.109,170.2 1 0
github.com/marketconnect/mcp-go/protocol/response.go:190.49,191.33 1 0
github.com/marketconnect/mcp-go/protocol/response.go:191.33,193.3 1 0
github.com/marketconnect/mcp-go/protocol/response.go:195.2,195.20 1 0
github.com/marketconnect/mcp-go/protocol/response.go:195.20,197.3 1 0
github.com/marketconnect/mcp-go/protocol/response.go:200.2,200.39 1 0
github.com/marketconnect/mcp-go/protocol/response.go:200.39,202.3 1 0
github.com/marketconnect/mcp-go/protocol/response.go:203.2,203.39 1 0
github.com/marketconnect/mcp-go/protocol/response.go:203.39,205.3 1 0
github.com/marketconnect/mcp-go/protocol/response.go:208.2,208.20 1 0
github.com/marketconnect/mcp-go/protocol/response.go:208.20,209.24 1 0
github.com/marketconnect/mcp-go/protocol/response.go:209.24,211.4 1 0
github.com/marketconnect/mcp-go/protocol/response.go:212.3,212.28 1 0
github.com/marketconnect/mcp-go/protocol/response.go:212.28,214.4 1 0
github.com/marketconnect/mcp-go/protocol/response.go:217.2,217.12 1 0
github.com/marketconnect/mcp-go/protocol/response.go:260.66,261.20 1 0
github.com/marketconnect/mcp-go/protocol/response.go:261.20,263.3 1 0
github.com/marketconnect/mcp-go/protocol/response.go:265.2,270.50 3 0
github.com/marketconnect/mcp-go/protocol/response.go:270.50,272.3 1 0
github.com/marketconnect/mcp-go/protocol/response.go:274.2,275.21 2 0
github.com/marketconnect/mcp-go/protocol/response.go:287.42,289.2 1 0
github.com/marketconnect/mcp-go/protocol/response.go:305.47,307.2 1 0
github.com/marketconnect/mcp-go/protocol/response.go:323.49,325.2 1 0
